<?xml version="1.0" encoding="UTF-8"?>
<!-- Generated by org.testng.reporters.JUnitXMLReporter -->
<testsuite hostname="swapna-PC" ignored="0" name="Default test" tests="20" failures="0" timestamp="11 Feb 2019 05:06:43 GMT" time="49.473" errors="0">
  <testcase name="tc_1" time="0.013" classname="testng.day1.FirstTest"/>
  <testcase name="tc_4" time="0.005" classname="testng.day1.FirstTest"/>
  <testcase name="tc_5" time="0.005" classname="testng.day1.FirstTest"/>
  <testcase name="testCase7" time="0.001" classname="testng.day2.ThirdTest"/>
  <testcase name="testCase8" time="0.002" classname="testng.day2.ThirdTest"/>
  <testcase name="testCase9" time="0.002" classname="testng.day2.ThirdTest"/>
  <testcase name="testCase1" time="0.002" classname="testng.day1.SampleTestCase"/>
  <testcase name="testCase2" time="0.003" classname="testng.day1.SampleTestCase"/>
  <testcase name="testCase3" time="0.002" classname="testng.day1.SampleTestCase"/>
  <testcase name="testCase4" time="0.002" classname="testng.day2.SecondTest"/>
  <testcase name="testCase5" time="0.001" classname="testng.day2.SecondTest"/>
  <testcase name="testCase6" time="0.001" classname="testng.day2.SecondTest"/>
  <testcase name="testCase1" time="49.215" classname="testng.day2.FirstTest"/>
  <testcase name="testCase2" time="0.001" classname="testng.day2.FirstTest"/>
  <testcase name="testCase3" time="0.001" classname="testng.day2.FirstTest"/>
  <testcase name="tc_6" time="0.001" classname="testng.day1.SecondTest"/>
  <testcase name="tc_7" time="0.0" classname="testng.day1.SecondTest"/>
  <testcase name="tc_8" time="0.001" classname="testng.day1.ThirdTest"/>
  <testcase name="tc_2" time="0.0" classname="testng.day1.FirstTest"/>
  <testcase name="tc_3" time="0.0" classname="testng.day1.FirstTest"/>
</testsuite> <!-- Default test -->
